<?xml version="1.0" encoding="UTF-8"?>
<testsuites name="Mocha Tests" time="0.982" tests="15" failures="0">
  <testsuite name="Root Suite" timestamp="2025-03-11T10:34:32" tests="0" file="cypress\e2e\util-tests\DataMapper\DataMapper_FlattenObject.feature" time="0.000" failures="0">
  </testsuite>
  <testsuite name="DataMapper - Map And Flatten Objects" timestamp="2025-03-11T10:34:32" tests="15" time="0.969" failures="0">
    <testcase name="DataMapper - Map And Flatten Objects DATAMAPPER-FLATTEN-OBJECTS-001 - DataMapper method flattens nested object to key-value pairs or property paths object (example #1)" time="0.073" classname="DATAMAPPER-FLATTEN-OBJECTS-001 - DataMapper method flattens nested object to key-value pairs or property paths object (example #1)">
    </testcase>
    <testcase name="DataMapper - Map And Flatten Objects DATAMAPPER-FLATTEN-OBJECTS-001 - DataMapper method flattens nested object to key-value pairs or property paths object (example #2)" time="0.042" classname="DATAMAPPER-FLATTEN-OBJECTS-001 - DataMapper method flattens nested object to key-value pairs or property paths object (example #2)">
    </testcase>
    <testcase name="DataMapper - Map And Flatten Objects DATAMAPPER-FLATTEN-OBJECTS-001 - DataMapper method flattens nested object to key-value pairs or property paths object (example #3)" time="0.040" classname="DATAMAPPER-FLATTEN-OBJECTS-001 - DataMapper method flattens nested object to key-value pairs or property paths object (example #3)">
    </testcase>
    <testcase name="DataMapper - Map And Flatten Objects DATAMAPPER-FLATTEN-OBJECTS-001 - DataMapper method flattens nested object to key-value pairs or property paths object (example #4)" time="0.043" classname="DATAMAPPER-FLATTEN-OBJECTS-001 - DataMapper method flattens nested object to key-value pairs or property paths object (example #4)">
    </testcase>
    <testcase name="DataMapper - Map And Flatten Objects DATAMAPPER-FLATTEN-OBJECTS-001 - DataMapper method flattens nested object to key-value pairs or property paths object (example #5)" time="0.039" classname="DATAMAPPER-FLATTEN-OBJECTS-001 - DataMapper method flattens nested object to key-value pairs or property paths object (example #5)">
    </testcase>
    <testcase name="DataMapper - Map And Flatten Objects DATAMAPPER-FLATTEN-OBJECTS-001 - DataMapper method flattens nested object to key-value pairs or property paths object (example #6)" time="0.046" classname="DATAMAPPER-FLATTEN-OBJECTS-001 - DataMapper method flattens nested object to key-value pairs or property paths object (example #6)">
    </testcase>
    <testcase name="DataMapper - Map And Flatten Objects DATAMAPPER-FLATTEN-OBJECTS-001 - DataMapper method flattens nested object to key-value pairs or property paths object (example #7)" time="0.038" classname="DATAMAPPER-FLATTEN-OBJECTS-001 - DataMapper method flattens nested object to key-value pairs or property paths object (example #7)">
    </testcase>
    <testcase name="DataMapper - Map And Flatten Objects DATAMAPPER-FLATTEN-OBJECTS-001 - DataMapper method flattens nested object to key-value pairs or property paths object (example #8)" time="0.036" classname="DATAMAPPER-FLATTEN-OBJECTS-001 - DataMapper method flattens nested object to key-value pairs or property paths object (example #8)">
    </testcase>
    <testcase name="DataMapper - Map And Flatten Objects DATAMAPPER-FLATTEN-OBJECTS-001 - DataMapper method flattens nested object to key-value pairs or property paths object (example #9)" time="0.044" classname="DATAMAPPER-FLATTEN-OBJECTS-001 - DataMapper method flattens nested object to key-value pairs or property paths object (example #9)">
    </testcase>
    <testcase name="DataMapper - Map And Flatten Objects DATAMAPPER-FLATTEN-OBJECTS-001 - DataMapper method flattens nested object to key-value pairs or property paths object (example #10)" time="0.037" classname="DATAMAPPER-FLATTEN-OBJECTS-001 - DataMapper method flattens nested object to key-value pairs or property paths object (example #10)">
    </testcase>
    <testcase name="DataMapper - Map And Flatten Objects DATAMAPPER-FLATTEN-OBJECTS-001 - DataMapper method flattens nested object to key-value pairs or property paths object (example #11)" time="0.040" classname="DATAMAPPER-FLATTEN-OBJECTS-001 - DataMapper method flattens nested object to key-value pairs or property paths object (example #11)">
    </testcase>
    <testcase name="DataMapper - Map And Flatten Objects DATAMAPPER-FLATTEN-OBJECTS-001 - DataMapper method flattens nested object to key-value pairs or property paths object (example #12)" time="0.035" classname="DATAMAPPER-FLATTEN-OBJECTS-001 - DataMapper method flattens nested object to key-value pairs or property paths object (example #12)">
    </testcase>
    <testcase name="DataMapper - Map And Flatten Objects DATAMAPPER-FLATTEN-OBJECTS-001 - DataMapper method flattens nested object to key-value pairs or property paths object (example #13)" time="0.038" classname="DATAMAPPER-FLATTEN-OBJECTS-001 - DataMapper method flattens nested object to key-value pairs or property paths object (example #13)">
    </testcase>
    <testcase name="DataMapper - Map And Flatten Objects DATAMAPPER-FLATTEN-OBJECTS-001 - DataMapper method flattens nested object to key-value pairs or property paths object (example #14)" time="0.035" classname="DATAMAPPER-FLATTEN-OBJECTS-001 - DataMapper method flattens nested object to key-value pairs or property paths object (example #14)">
    </testcase>
    <testcase name="DataMapper - Map And Flatten Objects DATAMAPPER-FLATTEN-OBJECTS-001 - DataMapper method flattens nested object to key-value pairs or property paths object (example #15)" time="0.034" classname="DATAMAPPER-FLATTEN-OBJECTS-001 - DataMapper method flattens nested object to key-value pairs or property paths object (example #15)">
    </testcase>
  </testsuite>
</testsuites>