<?xml version="1.0" encoding="UTF-8"?>
<testsuites name="Mocha Tests" time="0.109" tests="4" failures="0" skipped="4">
  <testsuite name="Root Suite" timestamp="2025-03-11T11:13:42" tests="0" file="cypress\e2e\util-tests\MappingUtils\MappingUtils_compareObjectsByKeyValuePairs.feature" time="0.000" failures="0">
  </testsuite>
  <testsuite name="MappingUtils - Compar objects by key-value pairs - compareObjectsByKeyValuePairs method" timestamp="2025-03-11T11:13:42" tests="4" time="0.101" failures="0">
  </testsuite>
</testsuites>