<?xml version="1.0" encoding="UTF-8"?>
<testsuites name="Mocha Tests" time="0.073" tests="2" failures="0" skipped="2">
  <testsuite name="Root Suite" timestamp="2025-03-11T10:43:46" tests="0" file="cypress\e2e\util-tests\shared-context-test\shared-context-test.feature" time="0.000" failures="0">
  </testsuite>
  <testsuite name="Demonstrate Sharing Mocha context - sharing of the User object and changing its properties" timestamp="2025-03-11T10:43:46" tests="2" time="0.068" failures="0">
  </testsuite>
</testsuites>