<?xml version="1.0" encoding="UTF-8"?>
<testsuites name="Mocha Tests" time="0.123" tests="4" failures="0" skipped="4">
  <testsuite name="Root Suite" timestamp="2025-03-11T10:35:38" tests="0" file="cypress\e2e\util-tests\MappingUtils\MappingUtils_compareObjectsByKeyValuePairs.feature" time="0.000" failures="0">
  </testsuite>
  <testsuite name="MappingUtils - Compar objects by key-value pairs - compareObjectsByKeyValuePairs method" timestamp="2025-03-11T10:35:38" tests="4" time="0.116" failures="0">
  </testsuite>
</testsuites>