<?xml version="1.0" encoding="UTF-8"?>
<testsuites name="Mocha Tests" time="0.084" tests="2" failures="0" skipped="2">
  <testsuite name="Root Suite" timestamp="2025-03-11T10:07:09" tests="0" file="cypress\e2e\util-tests\Scenario_Context_Management\Scenario_Context_Management-C.feature" time="0.000" failures="0">
  </testsuite>
  <testsuite name="Scenario_Context - Scenario Context Management Another Feature file" timestamp="2025-03-11T10:07:09" tests="2" time="0.064" failures="0">
  </testsuite>
</testsuites>