<?xml version="1.0" encoding="UTF-8"?>
<testsuites name="Mocha Tests" time="0.083" tests="6" failures="0" skipped="6">
  <testsuite name="Root Suite" timestamp="2025-03-11T10:36:08" tests="0" file="cypress\e2e\util-tests\Scenario_Context_Management\Scenario_Context_Management-D.feature" time="0.000" failures="0">
  </testsuite>
  <testsuite name="Scenario_Context - Scenario Context Management Another Feature file" timestamp="2025-03-11T10:36:08" tests="6" time="0.075" failures="0">
  </testsuite>
</testsuites>