<?xml version="1.0" encoding="UTF-8"?>
<testsuites name="Mocha Tests" time="0.260" tests="3" failures="0">
  <testsuite name="Root Suite" timestamp="2025-03-11T10:16:24" tests="0" file="cypress\e2e\util-tests\MappingUtils\MappingUtils_parseRecordDataSymbolToken.feature" time="0.000" failures="0">
  </testsuite>
  <testsuite name="MappingUtils - Parse Record Data Symbol Token - parseRecordDataSymbolToken method" timestamp="2025-03-11T10:16:24" tests="3" time="0.257" failures="0">
    <testcase name="MappingUtils - Parse Record Data Symbol Token - parseRecordDataSymbolToken method Values matching the DataSymbolToken - Replace matching tokens with &apos;FOUND-TOKEN&apos;" time="0.074" classname="Values matching the DataSymbolToken - Replace matching tokens with &apos;FOUND-TOKEN&apos;">
    </testcase>
    <testcase name="MappingUtils - Parse Record Data Symbol Token - parseRecordDataSymbolToken method Values matching the DateStringToken -  Replace matching tokens with &apos;FOUND-TOKEN&apos;" time="0.051" classname="Values matching the DateStringToken -  Replace matching tokens with &apos;FOUND-TOKEN&apos;">
    </testcase>
    <testcase name="MappingUtils - Parse Record Data Symbol Token - parseRecordDataSymbolToken method Values matching the DynamicStringToken -  Replace matching tokens with &apos;FOUND-TOKEN&apos;" time="0.055" classname="Values matching the DynamicStringToken -  Replace matching tokens with &apos;FOUND-TOKEN&apos;">
    </testcase>
  </testsuite>
</testsuites>