<?xml version="1.0" encoding="UTF-8"?>
<testsuites name="Mocha Tests" time="0.328" tests="4" failures="0">
  <testsuite name="Root Suite" timestamp="2025-03-11T10:02:30" tests="0" file="cypress\e2e\util-tests\MappingUtils\MappingUtils_compareObjectsByKeyValuePairs.feature" time="0.000" failures="0">
  </testsuite>
  <testsuite name="MappingUtils - Compar objects by key-value pairs - compareObjectsByKeyValuePairs method" timestamp="2025-03-11T10:02:30" tests="4" time="0.318" failures="0">
    <testcase name="MappingUtils - Compar objects by key-value pairs - compareObjectsByKeyValuePairs method Compare two objects - v1" time="0.077" classname="Compare two objects - v1">
    </testcase>
    <testcase name="MappingUtils - Compar objects by key-value pairs - compareObjectsByKeyValuePairs method Compare two different sized objects - v1" time="0.047" classname="Compare two different sized objects - v1">
    </testcase>
    <testcase name="MappingUtils - Compar objects by key-value pairs - compareObjectsByKeyValuePairs method Compare two objects - v2" time="0.049" classname="Compare two objects - v2">
    </testcase>
    <testcase name="MappingUtils - Compar objects by key-value pairs - compareObjectsByKeyValuePairs method Compare two different sized objects - v2" time="0.044" classname="Compare two different sized objects - v2">
    </testcase>
  </testsuite>
</testsuites>