<?xml version="1.0" encoding="UTF-8"?>
<testsuites name="Mocha Tests" time="0.300" tests="4" failures="0">
  <testsuite name="Root Suite" timestamp="2025-03-11T10:34:57" tests="0" file="cypress\e2e\util-tests\DataMapper\DataMapper_MergeWithTemplate.feature" time="0.000" failures="0">
  </testsuite>
  <testsuite name="DataMapper - Merge object with template in DataMapper" timestamp="2025-03-11T10:34:57" tests="4" time="0.296" failures="0">
    <testcase name="DataMapper - Merge object with template in DataMapper DATAMAPPER-MERGE-TEMPLATE-OBJECTS-001 - DataMapper method Merging data object with a template object (example #1)" time="0.068" classname="DATAMAPPER-MERGE-TEMPLATE-OBJECTS-001 - DataMapper method Merging data object with a template object (example #1)">
    </testcase>
    <testcase name="DataMapper - Merge object with template in DataMapper DATAMAPPER-MERGE-TEMPLATE-OBJECTS-001 - DataMapper method Merging data object with a template object (example #2)" time="0.048" classname="DATAMAPPER-MERGE-TEMPLATE-OBJECTS-001 - DataMapper method Merging data object with a template object (example #2)">
    </testcase>
    <testcase name="DataMapper - Merge object with template in DataMapper DATAMAPPER-MERGE-TEMPLATE-OBJECTS-001 - DataMapper method Merging data object with a template object (example #3)" time="0.037" classname="DATAMAPPER-MERGE-TEMPLATE-OBJECTS-001 - DataMapper method Merging data object with a template object (example #3)">
    </testcase>
    <testcase name="DataMapper - Merge object with template in DataMapper DATAMAPPER-MERGE-TEMPLATE-OBJECTS-001 - DataMapper method Merging data object with a template object (example #4)" time="0.046" classname="DATAMAPPER-MERGE-TEMPLATE-OBJECTS-001 - DataMapper method Merging data object with a template object (example #4)">
    </testcase>
  </testsuite>
</testsuites>