<?xml version="1.0" encoding="UTF-8"?>
<testsuites name="Mocha Tests" time="0.179" tests="2" failures="0">
  <testsuite name="Root Suite" timestamp="2025-03-11T11:13:59" tests="0" file="cypress\e2e\util-tests\Scenario_Context_Management\Scenario_Context_Management-A.feature" time="0.000" failures="0">
  </testsuite>
  <testsuite name="Scenario_Context - Manage Scenario Context by Scenario Tag" timestamp="2025-03-11T11:13:59" tests="2" time="0.172" failures="0">
    <testcase name="Scenario_Context - Manage Scenario Context by Scenario Tag Scenario_Context_Management-A-001 - Populate, update, and validate scenario context" time="0.073" classname="Scenario_Context_Management-A-001 - Populate, update, and validate scenario context">
    </testcase>
    <testcase name="Scenario_Context - Manage Scenario Context by Scenario Tag Scenario_Context_Management-A-002 - Populate, update, and validate scenario context - different test" time="0.042" classname="Scenario_Context_Management-A-002 - Populate, update, and validate scenario context - different test">
    </testcase>
  </testsuite>
</testsuites>