<?xml version="1.0" encoding="UTF-8"?>
<testsuites name="Mocha Tests" time="1.164" tests="4" failures="0">
  <testsuite name="Root Suite" timestamp="2025-03-11T11:05:19" tests="0" file="cypress\e2e\util-tests\MappingUtils\MappingUtils_MapAndParseRecordDataWithSubstituteObj.feature" time="0.000" failures="0">
  </testsuite>
  <testsuite name="MappingUtils - Map And Parse RecordData with Substitute Object - MapAndParseRecordDataWithSubstituteObj" timestamp="2025-03-11T11:05:19" tests="4" time="1.158" failures="0">
    <testcase name="MappingUtils - Map And Parse RecordData with Substitute Object - MapAndParseRecordDataWithSubstituteObj Map And Parse - matching properties from DataTable to PlaceOfEducation" time="0.459" classname="Map And Parse - matching properties from DataTable to PlaceOfEducation">
    </testcase>
    <testcase name="MappingUtils - Map And Parse RecordData with Substitute Object - MapAndParseRecordDataWithSubstituteObj Map And Parse - Handle missing properties in RecordData" time="0.101" classname="Map And Parse - Handle missing properties in RecordData">
    </testcase>
    <testcase name="MappingUtils - Map And Parse RecordData with Substitute Object - MapAndParseRecordDataWithSubstituteObj Map And Parse - matching properties from DataTable to Target Object" time="0.105" classname="Map And Parse - matching properties from DataTable to Target Object">
    </testcase>
    <testcase name="MappingUtils - Map And Parse RecordData with Substitute Object - MapAndParseRecordDataWithSubstituteObj Map and Parse - Parsing ONLY Dynamic String and Date Tokens mapped from a substitute object" time="0.271" classname="Map and Parse - Parsing ONLY Dynamic String and Date Tokens mapped from a substitute object">
    </testcase>
  </testsuite>
</testsuites>