<?xml version="1.0" encoding="UTF-8"?>
<testsuites name="Mocha Tests" time="0.073" tests="2" failures="0" skipped="2">
  <testsuite name="Root Suite" timestamp="2025-03-11T10:35:48" tests="0" file="cypress\e2e\util-tests\MappingUtils\MappingUtils_mapToKeyValuePairs.feature" time="0.000" failures="0">
  </testsuite>
  <testsuite name="MappingUtils - Map objects to key-value pairs - mapToKeyValuePairs method" timestamp="2025-03-11T10:35:48" tests="2" time="0.067" failures="0">
  </testsuite>
</testsuites>