<?xml version="1.0" encoding="UTF-8"?>
<testsuites name="Mocha Tests" time="0.159" tests="2" failures="0">
  <testsuite name="Root Suite" timestamp="2025-03-11T11:14:12" tests="0" file="cypress\e2e\util-tests\Scenario_Context_Management\Scenario_Context_Management-C.feature" time="0.000" failures="0">
  </testsuite>
  <testsuite name="Scenario_Context - Scenario Context Management Another Feature file" timestamp="2025-03-11T11:14:12" tests="2" time="0.151" failures="0">
    <testcase name="Scenario_Context - Scenario Context Management Another Feature file Scenario_Context_Management-C-001 - Add and retrieve scenario context in another feature file" time="0.061" classname="Scenario_Context_Management-C-001 - Add and retrieve scenario context in another feature file">
    </testcase>
    <testcase name="Scenario_Context - Scenario Context Management Another Feature file Scenario_Context_Management-C-002 - Add and retrieve multiple scenario contexts in another feature file" time="0.042" classname="Scenario_Context_Management-C-002 - Add and retrieve multiple scenario contexts in another feature file">
    </testcase>
  </testsuite>
</testsuites>